<?xml version="1.0" encoding="UTF-8"?>
<!-- Generated by org.testng.reporters.JUnitReportReporter -->
<testsuite hostname="DESKTOP-3CMM59S" failures="0" tests="1" name="TestCases.LoginTestCase" time="9.318" errors="0" timestamp="2023-08-29T14:19:26 IST" skipped="0">
  <testcase classname="TestCases.LoginTestCase" name="method" time="9.318"/>
  <system-out/>
</testsuite> <!-- TestCases.LoginTestCase -->
