<?xml version="1.0" encoding="UTF-8"?>
<!-- Generated by org.testng.reporters.JUnitReportReporter -->
<testsuite hostname="DESKTOP-3CMM59S" failures="0" tests="1" name="TestCases.SignUpTestCase" time="13.436" errors="0" timestamp="2023-07-12T12:01:37 IST" skipped="0">
  <testcase classname="TestCases.SignUpTestCase" name="method" time="13.436"/>
  <system-out/>
</testsuite> <!-- TestCases.SignUpTestCase -->
