<?xml version="1.0" encoding="UTF-8"?>
<!-- Generated by org.testng.reporters.JUnitReportReporter -->
<testsuite hostname="DESKTOP-3CMM59S" failures="0" tests="1" name="TestCases.LoginTestCase" time="12.048" errors="0" timestamp="2023-07-12T12:01:37 IST" skipped="0">
  <testcase classname="TestCases.LoginTestCase" name="method" time="12.048"/>
  <system-out/>
</testsuite> <!-- TestCases.LoginTestCase -->
